2017-06-12 15:45:16,385 [main] INFO  org.mule.module.launcher.application.DefaultMuleApplication - 
++++++++++++++++++++++++++++++++++++++++++++++++++++++++++++
+ Initializing app 'munitdemo'                             +
++++++++++++++++++++++++++++++++++++++++++++++++++++++++++++
2017-06-12 15:45:16,679 [main] INFO  org.mule.lifecycle.AbstractLifecycleManager - Initialising RegistryBroker
2017-06-12 15:45:16,863 [main] INFO  org.mule.module.extension.internal.manager.DefaultExtensionManager - Starting discovery of extensions
2017-06-12 15:45:17,113 [main] INFO  org.mule.module.extension.internal.manager.DefaultExtensionManager - Discovered 1 extensions
2017-06-12 15:45:17,114 [main] INFO  org.mule.module.extension.internal.manager.DefaultExtensionManager - Registering extension validation (version 3.8)
2017-06-12 15:45:17,327 [main] INFO  org.mule.config.spring.MuleArtifactContext - Refreshing org.mule.config.spring.MuleArtifactContext@6b5176f2: startup date [Mon Jun 12 15:45:17 BST 2017]; root of context hierarchy
2017-06-12 15:45:19,470 [main] INFO  org.mule.config.spring.processors.NoDevkitInjectorProcessor - JSR-330 'javax.inject.Inject' annotation found and supported for autowiring
2017-06-12 15:45:20,544 [main] WARN  org.mule.module.ognl.expression.OgnlExpressionEvaluator - OGNL module is deprecated and will be removed in Mule 4.0. Use MEL expressions instead.
2017-06-12 15:45:24,489 [main] INFO  org.mule.util.journal.TransactionJournal - Using files for tx logs C:\Users\Sa\AnypointStudio\workspace\.mule\.\.mule\munitdemo\queue-tx-log\tx1.log and C:\Users\Sa\AnypointStudio\workspace\.mule\.\.mule\munitdemo\queue-tx-log\tx2.log
2017-06-12 15:45:24,680 [main] INFO  org.mule.util.journal.TransactionJournal - Using files for tx logs C:\Users\Sa\AnypointStudio\workspace\.mule\.\.mule\munitdemo\queue-xa-tx-log\tx1.log and C:\Users\Sa\AnypointStudio\workspace\.mule\.\.mule\munitdemo\queue-xa-tx-log\tx2.log
2017-06-12 15:45:25,092 [main] INFO  org.mule.lifecycle.AbstractLifecycleManager - Initialising model: _muleSystemModel
2017-06-12 15:45:25,096 [main] INFO  org.mule.construct.FlowConstructLifecycleManager - Initialising flow: munit-demoFlow
2017-06-12 15:45:25,096 [main] INFO  org.mule.exception.DefaultMessagingExceptionStrategy - Initialising exception listener: org.mule.exception.DefaultMessagingExceptionStrategy@7c37f145
2017-06-12 15:45:25,306 [main] INFO  org.mule.processor.SedaStageLifecycleManager - Initialising service: munit-demoFlow.stage1
2017-06-12 15:45:25,372 [main] INFO  org.mule.construct.FlowConstructLifecycleManager - Initialising flow: decisionFlow
2017-06-12 15:45:25,372 [main] INFO  org.mule.exception.DefaultMessagingExceptionStrategy - Initialising exception listener: org.mule.exception.DefaultMessagingExceptionStrategy@383caf89
2017-06-12 15:45:25,379 [main] INFO  org.mule.processor.SedaStageLifecycleManager - Initialising service: decisionFlow.stage1
2017-06-12 15:45:26,139 [main] INFO  org.mule.config.spring.SpringXmlConfigurationBuilder - Configured Mule using "org.mule.config.spring.SpringXmlConfigurationBuilder" with configuration resource(s): "[ConfigResource{resourceName='C:\Users\Sa\AnypointStudio\workspace\.mule\apps\munitdemo\munitdemo.xml'}]"
2017-06-12 15:45:26,140 [main] INFO  org.mule.config.builders.AutoConfigurationBuilder - Configured Mule using "org.mule.config.builders.AutoConfigurationBuilder" with configuration resource(s): "[ConfigResource{resourceName='C:\Users\Sa\AnypointStudio\workspace\.mule\apps\munitdemo\munitdemo.xml'}]"
2017-06-12 15:45:29,615 [main] INFO  org.mule.module.launcher.application.DefaultMuleApplication - 
++++++++++++++++++++++++++++++++++++++++++++++++++++++++++++
+ Starting app 'munitdemo'                                 +
++++++++++++++++++++++++++++++++++++++++++++++++++++++++++++
2017-06-12 15:45:29,622 [main] INFO  org.mule.util.queue.QueueXaResourceManager - Starting ResourceManager
2017-06-12 15:45:29,622 [main] INFO  org.mule.util.queue.QueueXaResourceManager - Started ResourceManager
2017-06-12 15:45:30,045 [main] INFO  org.mule.module.http.internal.listener.DefaultHttpListenerConfig - Listening for requests on http://0.0.0.0:8081
2017-06-12 15:45:30,058 [main] INFO  org.mule.modules.oauth2.provider.agents.DefaultSplashScreenAgent - 
++++++++++++++++++++++++++++++++++++++++++++++++++++++++++++++++++++++++++++++++
+ DevKit Extensions (0) used in this application 
                             +
++++++++++++++++++++++++++++++++++++++++++++++++++++++++++++++++++++++++++++++++
2017-06-12 15:45:30,061 [main] INFO  org.mule.lifecycle.AbstractLifecycleManager - Starting model: _muleSystemModel
2017-06-12 15:45:30,065 [main] INFO  org.mule.construct.FlowConstructLifecycleManager - Starting flow: munit-demoFlow
2017-06-12 15:45:30,066 [main] INFO  org.mule.processor.SedaStageLifecycleManager - Starting service: munit-demoFlow.stage1
2017-06-12 15:45:30,073 [main] INFO  org.mule.construct.FlowConstructLifecycleManager - Starting flow: decisionFlow
2017-06-12 15:45:30,073 [main] INFO  org.mule.processor.SedaStageLifecycleManager - Starting service: decisionFlow.stage1
2017-06-12 15:45:30,255 [main] INFO  org.mule.module.management.agent.WrapperManagerAgent - This JVM hasn't been launched by the wrapper, the agent will not run.
2017-06-12 15:45:30,324 [main] INFO  org.mule.DefaultMuleContext - 
**********************************************************************
* Application: munitdemo                                             *
* OS encoding: \, Mule encoding: UTF-8                               *
*                                                                    *
* Agents Running:                                                    *
*   JMX Agent                                                        *
*   DevKit Extension Information                                     *
*   Batch module default engine                                      *
*   Wrapper Manager                                                  *
**********************************************************************
2017-06-12 16:18:48,325 [Mule.app.deployer.monitor.1.thread.1] INFO  org.mule.module.launcher.application.DefaultMuleApplication - 
++++++++++++++++++++++++++++++++++++++++++++++++++++++++++++
+ Stopping app 'munitdemo'                                 +
++++++++++++++++++++++++++++++++++++++++++++++++++++++++++++
2017-06-12 16:18:48,351 [Mule.app.deployer.monitor.1.thread.1] INFO  org.mule.construct.FlowConstructLifecycleManager - Stopping flow: munit-demoFlow
2017-06-12 16:18:48,389 [Mule.app.deployer.monitor.1.thread.1] INFO  org.mule.processor.SedaStageLifecycleManager - Stopping service: munit-demoFlow.stage1
2017-06-12 16:18:48,489 [Mule.app.deployer.monitor.1.thread.1] INFO  org.mule.construct.FlowConstructLifecycleManager - Stopping flow: decisionFlow
2017-06-12 16:18:48,489 [Mule.app.deployer.monitor.1.thread.1] INFO  org.mule.processor.SedaStageLifecycleManager - Stopping service: decisionFlow.stage1
2017-06-12 16:18:48,689 [Mule.app.deployer.monitor.1.thread.1] INFO  org.mule.lifecycle.AbstractLifecycleManager - Stopping model: _muleSystemModel
2017-06-12 16:18:48,717 [Mule.app.deployer.monitor.1.thread.1] INFO  org.mule.module.http.internal.listener.DefaultHttpListenerConfig - Stopped listener on http://0.0.0.0:8081
2017-06-12 16:18:48,720 [Mule.app.deployer.monitor.1.thread.1] INFO  org.mule.util.queue.QueueXaResourceManager - Stopping ResourceManager
2017-06-12 16:18:48,720 [Mule.app.deployer.monitor.1.thread.1] INFO  org.mule.util.queue.QueueXaResourceManager - Stopped ResourceManager
2017-06-12 16:18:48,736 [Mule.app.deployer.monitor.1.thread.1] INFO  org.mule.module.launcher.application.DefaultMuleApplication - 
++++++++++++++++++++++++++++++++++++++++++++++++++++++++++++
+ Disposing app 'munitdemo'                                +
++++++++++++++++++++++++++++++++++++++++++++++++++++++++++++
2017-06-12 16:18:48,739 [Mule.app.deployer.monitor.1.thread.1] INFO  org.mule.lifecycle.AbstractLifecycleManager - Disposing RegistryBroker
2017-06-12 16:18:48,742 [Mule.app.deployer.monitor.1.thread.1] INFO  org.mule.construct.FlowConstructLifecycleManager - Disposing flow: munit-demoFlow
2017-06-12 16:18:48,743 [Mule.app.deployer.monitor.1.thread.1] INFO  org.mule.processor.SedaStageLifecycleManager - Disposing service: munit-demoFlow.stage1
2017-06-12 16:18:48,750 [Mule.app.deployer.monitor.1.thread.1] INFO  org.mule.construct.FlowConstructLifecycleManager - Disposing flow: decisionFlow
2017-06-12 16:18:48,750 [Mule.app.deployer.monitor.1.thread.1] INFO  org.mule.processor.SedaStageLifecycleManager - Disposing service: decisionFlow.stage1
2017-06-12 16:18:48,754 [Mule.app.deployer.monitor.1.thread.1] INFO  org.mule.lifecycle.AbstractLifecycleManager - Disposing model: _muleSystemModel
2017-06-12 16:18:48,999 [Mule.app.deployer.monitor.1.thread.1] INFO  org.mule.config.spring.MuleArtifactContext - Closing org.mule.config.spring.MuleArtifactContext@6b5176f2: startup date [Mon Jun 12 15:45:17 BST 2017]; root of context hierarchy
2017-06-12 16:18:49,151 [Mule.app.deployer.monitor.1.thread.1] INFO  org.mule.DefaultMuleContext - 
**********************************************************************
* Application "munitdemo" shut down normally on: 12/06/17 16:18      *
* Up for: 0 days, 0 hours, 33 mins, 19.524 sec                       *
**********************************************************************
2017-06-12 16:18:49,428 [Mule.app.deployer.monitor.1.thread.1] INFO  org.mule.module.launcher.application.DefaultMuleApplication - 
++++++++++++++++++++++++++++++++++++++++++++++++++++++++++++
+ Initializing app 'munitdemo'                             +
++++++++++++++++++++++++++++++++++++++++++++++++++++++++++++
2017-06-12 16:18:49,436 [Mule.app.deployer.monitor.1.thread.1] WARN  com.mulesoft.module.client.APIPlatformClientCoreExtension - Client ID or Client Secret were not provided. API Manager client is DISABLED for app munitdemo
2017-06-12 16:18:49,443 [Mule.app.deployer.monitor.1.thread.1] INFO  org.mule.lifecycle.AbstractLifecycleManager - Initialising RegistryBroker
2017-06-12 16:18:49,458 [Mule.app.deployer.monitor.1.thread.1] INFO  org.mule.module.extension.internal.manager.DefaultExtensionManager - Starting discovery of extensions
2017-06-12 16:18:49,489 [Mule.app.deployer.monitor.1.thread.1] INFO  org.mule.module.extension.internal.manager.DefaultExtensionManager - Discovered 1 extensions
2017-06-12 16:18:49,491 [Mule.app.deployer.monitor.1.thread.1] INFO  org.mule.module.extension.internal.manager.DefaultExtensionManager - Registering extension validation (version 3.8)
2017-06-12 16:18:49,528 [Mule.app.deployer.monitor.1.thread.1] INFO  org.mule.config.spring.MuleArtifactContext - Refreshing org.mule.config.spring.MuleArtifactContext@14f5eb5c: startup date [Mon Jun 12 16:18:49 BST 2017]; root of context hierarchy
2017-06-12 16:18:50,348 [Mule.app.deployer.monitor.1.thread.1] INFO  org.mule.config.spring.processors.NoDevkitInjectorProcessor - JSR-330 'javax.inject.Inject' annotation found and supported for autowiring
2017-06-12 16:18:50,585 [Mule.app.deployer.monitor.1.thread.1] INFO  org.mule.util.journal.TransactionJournal - Using files for tx logs C:\Users\Sa\AnypointStudio\workspace\.mule\.\.mule\munitdemo\queue-tx-log\tx1.log and C:\Users\Sa\AnypointStudio\workspace\.mule\.\.mule\munitdemo\queue-tx-log\tx2.log
2017-06-12 16:18:50,589 [Mule.app.deployer.monitor.1.thread.1] INFO  org.mule.util.journal.TransactionJournal - Using files for tx logs C:\Users\Sa\AnypointStudio\workspace\.mule\.\.mule\munitdemo\queue-xa-tx-log\tx1.log and C:\Users\Sa\AnypointStudio\workspace\.mule\.\.mule\munitdemo\queue-xa-tx-log\tx2.log
2017-06-12 16:18:50,622 [Mule.app.deployer.monitor.1.thread.1] INFO  org.mule.lifecycle.AbstractLifecycleManager - Initialising model: _muleSystemModel
2017-06-12 16:18:50,625 [Mule.app.deployer.monitor.1.thread.1] INFO  org.mule.construct.FlowConstructLifecycleManager - Initialising flow: munit-demoFlow
2017-06-12 16:18:50,625 [Mule.app.deployer.monitor.1.thread.1] INFO  org.mule.exception.DefaultMessagingExceptionStrategy - Initialising exception listener: org.mule.exception.DefaultMessagingExceptionStrategy@582855ff
2017-06-12 16:18:50,634 [Mule.app.deployer.monitor.1.thread.1] INFO  org.mule.processor.SedaStageLifecycleManager - Initialising service: munit-demoFlow.stage1
2017-06-12 16:18:50,636 [Mule.app.deployer.monitor.1.thread.1] INFO  org.mule.construct.FlowConstructLifecycleManager - Initialising flow: decisionFlow
2017-06-12 16:18:50,636 [Mule.app.deployer.monitor.1.thread.1] INFO  org.mule.exception.DefaultMessagingExceptionStrategy - Initialising exception listener: org.mule.exception.DefaultMessagingExceptionStrategy@3eafb0b6
2017-06-12 16:18:50,645 [Mule.app.deployer.monitor.1.thread.1] INFO  org.mule.processor.SedaStageLifecycleManager - Initialising service: decisionFlow.stage1
2017-06-12 16:18:50,693 [Mule.app.deployer.monitor.1.thread.1] INFO  org.mule.config.spring.SpringXmlConfigurationBuilder - Configured Mule using "org.mule.config.spring.SpringXmlConfigurationBuilder" with configuration resource(s): "[ConfigResource{resourceName='C:\Users\Sa\AnypointStudio\workspace\.mule\apps\munitdemo\munitdemo.xml'}]"
2017-06-12 16:18:50,693 [Mule.app.deployer.monitor.1.thread.1] INFO  org.mule.config.builders.AutoConfigurationBuilder - Configured Mule using "org.mule.config.builders.AutoConfigurationBuilder" with configuration resource(s): "[ConfigResource{resourceName='C:\Users\Sa\AnypointStudio\workspace\.mule\apps\munitdemo\munitdemo.xml'}]"
2017-06-12 16:18:53,701 [Mule.app.deployer.monitor.1.thread.1] INFO  org.mule.module.launcher.application.DefaultMuleApplication - 
++++++++++++++++++++++++++++++++++++++++++++++++++++++++++++
+ Starting app 'munitdemo'                                 +
++++++++++++++++++++++++++++++++++++++++++++++++++++++++++++
2017-06-12 16:18:53,705 [Mule.app.deployer.monitor.1.thread.1] INFO  org.mule.util.queue.QueueXaResourceManager - Starting ResourceManager
2017-06-12 16:18:53,705 [Mule.app.deployer.monitor.1.thread.1] INFO  org.mule.util.queue.QueueXaResourceManager - Started ResourceManager
2017-06-12 16:18:53,735 [Mule.app.deployer.monitor.1.thread.1] INFO  org.mule.module.http.internal.listener.DefaultHttpListenerConfig - Listening for requests on http://0.0.0.0:8081
2017-06-12 16:18:53,741 [Mule.app.deployer.monitor.1.thread.1] INFO  org.mule.modules.oauth2.provider.agents.DefaultSplashScreenAgent - 
++++++++++++++++++++++++++++++++++++++++++++++++++++++++++++++++++++++++++++++++
+ DevKit Extensions (0) used in this application 
                             +
++++++++++++++++++++++++++++++++++++++++++++++++++++++++++++++++++++++++++++++++
2017-06-12 16:18:53,743 [Mule.app.deployer.monitor.1.thread.1] INFO  org.mule.lifecycle.AbstractLifecycleManager - Starting model: _muleSystemModel
2017-06-12 16:18:53,745 [Mule.app.deployer.monitor.1.thread.1] INFO  org.mule.construct.FlowConstructLifecycleManager - Starting flow: munit-demoFlow
2017-06-12 16:18:53,745 [Mule.app.deployer.monitor.1.thread.1] INFO  org.mule.processor.SedaStageLifecycleManager - Starting service: munit-demoFlow.stage1
2017-06-12 16:18:53,749 [Mule.app.deployer.monitor.1.thread.1] INFO  org.mule.construct.FlowConstructLifecycleManager - Starting flow: decisionFlow
2017-06-12 16:18:53,750 [Mule.app.deployer.monitor.1.thread.1] INFO  org.mule.processor.SedaStageLifecycleManager - Starting service: decisionFlow.stage1
2017-06-12 16:18:53,770 [Mule.app.deployer.monitor.1.thread.1] INFO  org.mule.module.management.agent.WrapperManagerAgent - This JVM hasn't been launched by the wrapper, the agent will not run.
2017-06-12 16:18:53,791 [Mule.app.deployer.monitor.1.thread.1] INFO  org.mule.DefaultMuleContext - 
**********************************************************************
* Application: munitdemo                                             *
* OS encoding: \, Mule encoding: UTF-8                               *
*                                                                    *
* Agents Running:                                                    *
*   JMX Agent                                                        *
*   DevKit Extension Information                                     *
*   Batch module default engine                                      *
*   Wrapper Manager                                                  *
**********************************************************************
2017-06-12 16:19:43,833 [Mule.app.deployer.monitor.1.thread.1] INFO  org.mule.module.launcher.application.DefaultMuleApplication - 
++++++++++++++++++++++++++++++++++++++++++++++++++++++++++++
+ Stopping app 'munitdemo'                                 +
++++++++++++++++++++++++++++++++++++++++++++++++++++++++++++
2017-06-12 16:19:43,834 [Mule.app.deployer.monitor.1.thread.1] INFO  org.mule.construct.FlowConstructLifecycleManager - Stopping flow: munit-demoFlow
2017-06-12 16:19:43,834 [Mule.app.deployer.monitor.1.thread.1] INFO  org.mule.processor.SedaStageLifecycleManager - Stopping service: munit-demoFlow.stage1
2017-06-12 16:19:43,899 [Mule.app.deployer.monitor.1.thread.1] INFO  org.mule.construct.FlowConstructLifecycleManager - Stopping flow: decisionFlow
2017-06-12 16:19:43,899 [Mule.app.deployer.monitor.1.thread.1] INFO  org.mule.processor.SedaStageLifecycleManager - Stopping service: decisionFlow.stage1
2017-06-12 16:19:44,103 [Mule.app.deployer.monitor.1.thread.1] INFO  org.mule.lifecycle.AbstractLifecycleManager - Stopping model: _muleSystemModel
2017-06-12 16:19:44,110 [Mule.app.deployer.monitor.1.thread.1] INFO  org.mule.module.http.internal.listener.DefaultHttpListenerConfig - Stopped listener on http://0.0.0.0:8081
2017-06-12 16:19:44,112 [Mule.app.deployer.monitor.1.thread.1] INFO  org.mule.util.queue.QueueXaResourceManager - Stopping ResourceManager
2017-06-12 16:19:44,112 [Mule.app.deployer.monitor.1.thread.1] INFO  org.mule.util.queue.QueueXaResourceManager - Stopped ResourceManager
2017-06-12 16:19:44,118 [Mule.app.deployer.monitor.1.thread.1] INFO  org.mule.module.launcher.application.DefaultMuleApplication - 
++++++++++++++++++++++++++++++++++++++++++++++++++++++++++++
+ Disposing app 'munitdemo'                                +
++++++++++++++++++++++++++++++++++++++++++++++++++++++++++++
2017-06-12 16:19:44,118 [Mule.app.deployer.monitor.1.thread.1] INFO  org.mule.lifecycle.AbstractLifecycleManager - Disposing RegistryBroker
2017-06-12 16:19:44,120 [Mule.app.deployer.monitor.1.thread.1] INFO  org.mule.construct.FlowConstructLifecycleManager - Disposing flow: munit-demoFlow
2017-06-12 16:19:44,120 [Mule.app.deployer.monitor.1.thread.1] INFO  org.mule.processor.SedaStageLifecycleManager - Disposing service: munit-demoFlow.stage1
2017-06-12 16:19:44,122 [Mule.app.deployer.monitor.1.thread.1] INFO  org.mule.construct.FlowConstructLifecycleManager - Disposing flow: decisionFlow
2017-06-12 16:19:44,122 [Mule.app.deployer.monitor.1.thread.1] INFO  org.mule.processor.SedaStageLifecycleManager - Disposing service: decisionFlow.stage1
2017-06-12 16:19:44,125 [Mule.app.deployer.monitor.1.thread.1] INFO  org.mule.lifecycle.AbstractLifecycleManager - Disposing model: _muleSystemModel
2017-06-12 16:19:44,173 [Mule.app.deployer.monitor.1.thread.1] INFO  org.mule.config.spring.MuleArtifactContext - Closing org.mule.config.spring.MuleArtifactContext@14f5eb5c: startup date [Mon Jun 12 16:18:49 BST 2017]; root of context hierarchy
2017-06-12 16:19:44,239 [Mule.app.deployer.monitor.1.thread.1] INFO  org.mule.DefaultMuleContext - 
**********************************************************************
* Application "munitdemo" shut down normally on: 12/06/17 16:19      *
* Up for: 0 days, 0 hours, 0 mins, 50.538 sec                        *
**********************************************************************
2017-06-12 16:19:44,333 [Mule.app.deployer.monitor.1.thread.1] INFO  org.mule.module.launcher.application.DefaultMuleApplication - 
++++++++++++++++++++++++++++++++++++++++++++++++++++++++++++
+ Initializing app 'munitdemo'                             +
++++++++++++++++++++++++++++++++++++++++++++++++++++++++++++
2017-06-12 16:19:44,339 [Mule.app.deployer.monitor.1.thread.1] WARN  com.mulesoft.module.client.APIPlatformClientCoreExtension - Client ID or Client Secret were not provided. API Manager client is DISABLED for app munitdemo
2017-06-12 16:19:44,340 [Mule.app.deployer.monitor.1.thread.1] WARN  com.mulesoft.module.client.APIPlatformClientCoreExtension - Client ID or Client Secret were not provided. API Manager client is DISABLED for app munitdemo
2017-06-12 16:19:44,344 [Mule.app.deployer.monitor.1.thread.1] INFO  org.mule.lifecycle.AbstractLifecycleManager - Initialising RegistryBroker
2017-06-12 16:19:44,351 [Mule.app.deployer.monitor.1.thread.1] INFO  org.mule.module.extension.internal.manager.DefaultExtensionManager - Starting discovery of extensions
2017-06-12 16:19:44,370 [Mule.app.deployer.monitor.1.thread.1] INFO  org.mule.module.extension.internal.manager.DefaultExtensionManager - Discovered 1 extensions
2017-06-12 16:19:44,370 [Mule.app.deployer.monitor.1.thread.1] INFO  org.mule.module.extension.internal.manager.DefaultExtensionManager - Registering extension validation (version 3.8)
2017-06-12 16:19:44,376 [Mule.app.deployer.monitor.1.thread.1] INFO  org.mule.config.spring.MuleArtifactContext - Refreshing org.mule.config.spring.MuleArtifactContext@13dfd0e4: startup date [Mon Jun 12 16:19:44 BST 2017]; root of context hierarchy
2017-06-12 16:19:44,700 [Mule.app.deployer.monitor.1.thread.1] INFO  org.mule.config.spring.processors.NoDevkitInjectorProcessor - JSR-330 'javax.inject.Inject' annotation found and supported for autowiring
2017-06-12 16:19:44,826 [Mule.app.deployer.monitor.1.thread.1] INFO  org.mule.util.journal.TransactionJournal - Using files for tx logs C:\Users\Sa\AnypointStudio\workspace\.mule\.\.mule\munitdemo\queue-tx-log\tx1.log and C:\Users\Sa\AnypointStudio\workspace\.mule\.\.mule\munitdemo\queue-tx-log\tx2.log
2017-06-12 16:19:44,827 [Mule.app.deployer.monitor.1.thread.1] INFO  org.mule.util.journal.TransactionJournal - Using files for tx logs C:\Users\Sa\AnypointStudio\workspace\.mule\.\.mule\munitdemo\queue-xa-tx-log\tx1.log and C:\Users\Sa\AnypointStudio\workspace\.mule\.\.mule\munitdemo\queue-xa-tx-log\tx2.log
2017-06-12 16:19:44,838 [Mule.app.deployer.monitor.1.thread.1] INFO  org.mule.lifecycle.AbstractLifecycleManager - Initialising model: _muleSystemModel
2017-06-12 16:19:44,840 [Mule.app.deployer.monitor.1.thread.1] INFO  org.mule.construct.FlowConstructLifecycleManager - Initialising flow: munit-demoFlow
2017-06-12 16:19:44,840 [Mule.app.deployer.monitor.1.thread.1] INFO  org.mule.exception.DefaultMessagingExceptionStrategy - Initialising exception listener: org.mule.exception.DefaultMessagingExceptionStrategy@5cc30a27
2017-06-12 16:19:44,848 [Mule.app.deployer.monitor.1.thread.1] INFO  org.mule.processor.SedaStageLifecycleManager - Initialising service: munit-demoFlow.stage1
2017-06-12 16:19:44,849 [Mule.app.deployer.monitor.1.thread.1] INFO  org.mule.construct.FlowConstructLifecycleManager - Initialising flow: decisionFlow
2017-06-12 16:19:44,849 [Mule.app.deployer.monitor.1.thread.1] INFO  org.mule.exception.DefaultMessagingExceptionStrategy - Initialising exception listener: org.mule.exception.DefaultMessagingExceptionStrategy@d77890
2017-06-12 16:19:44,853 [Mule.app.deployer.monitor.1.thread.1] INFO  org.mule.processor.SedaStageLifecycleManager - Initialising service: decisionFlow.stage1
2017-06-12 16:19:44,885 [Mule.app.deployer.monitor.1.thread.1] INFO  org.mule.config.spring.SpringXmlConfigurationBuilder - Configured Mule using "org.mule.config.spring.SpringXmlConfigurationBuilder" with configuration resource(s): "[ConfigResource{resourceName='C:\Users\Sa\AnypointStudio\workspace\.mule\apps\munitdemo\munitdemo.xml'}]"
2017-06-12 16:19:44,886 [Mule.app.deployer.monitor.1.thread.1] INFO  org.mule.config.builders.AutoConfigurationBuilder - Configured Mule using "org.mule.config.builders.AutoConfigurationBuilder" with configuration resource(s): "[ConfigResource{resourceName='C:\Users\Sa\AnypointStudio\workspace\.mule\apps\munitdemo\munitdemo.xml'}]"
2017-06-12 16:19:47,890 [Mule.app.deployer.monitor.1.thread.1] INFO  org.mule.module.launcher.application.DefaultMuleApplication - 
++++++++++++++++++++++++++++++++++++++++++++++++++++++++++++
+ Starting app 'munitdemo'                                 +
++++++++++++++++++++++++++++++++++++++++++++++++++++++++++++
2017-06-12 16:19:47,894 [Mule.app.deployer.monitor.1.thread.1] INFO  org.mule.util.queue.QueueXaResourceManager - Starting ResourceManager
2017-06-12 16:19:47,894 [Mule.app.deployer.monitor.1.thread.1] INFO  org.mule.util.queue.QueueXaResourceManager - Started ResourceManager
2017-06-12 16:19:47,920 [Mule.app.deployer.monitor.1.thread.1] INFO  org.mule.module.http.internal.listener.DefaultHttpListenerConfig - Listening for requests on http://0.0.0.0:8081
2017-06-12 16:19:47,930 [Mule.app.deployer.monitor.1.thread.1] INFO  org.mule.modules.oauth2.provider.agents.DefaultSplashScreenAgent - 
++++++++++++++++++++++++++++++++++++++++++++++++++++++++++++++++++++++++++++++++
+ DevKit Extensions (0) used in this application 
                             +
++++++++++++++++++++++++++++++++++++++++++++++++++++++++++++++++++++++++++++++++
2017-06-12 16:19:47,932 [Mule.app.deployer.monitor.1.thread.1] INFO  org.mule.lifecycle.AbstractLifecycleManager - Starting model: _muleSystemModel
2017-06-12 16:19:47,933 [Mule.app.deployer.monitor.1.thread.1] INFO  org.mule.construct.FlowConstructLifecycleManager - Starting flow: munit-demoFlow
2017-06-12 16:19:47,933 [Mule.app.deployer.monitor.1.thread.1] INFO  org.mule.processor.SedaStageLifecycleManager - Starting service: munit-demoFlow.stage1
2017-06-12 16:19:47,936 [Mule.app.deployer.monitor.1.thread.1] INFO  org.mule.construct.FlowConstructLifecycleManager - Starting flow: decisionFlow
2017-06-12 16:19:47,936 [Mule.app.deployer.monitor.1.thread.1] INFO  org.mule.processor.SedaStageLifecycleManager - Starting service: decisionFlow.stage1
2017-06-12 16:19:47,952 [Mule.app.deployer.monitor.1.thread.1] INFO  org.mule.module.management.agent.WrapperManagerAgent - This JVM hasn't been launched by the wrapper, the agent will not run.
2017-06-12 16:19:47,961 [Mule.app.deployer.monitor.1.thread.1] INFO  org.mule.DefaultMuleContext - 
**********************************************************************
* Application: munitdemo                                             *
* OS encoding: \, Mule encoding: UTF-8                               *
*                                                                    *
* Agents Running:                                                    *
*   JMX Agent                                                        *
*   DevKit Extension Information                                     *
*   Batch module default engine                                      *
*   Wrapper Manager                                                  *
**********************************************************************
2017-06-12 17:52:41,271 [main] INFO  org.mule.module.launcher.application.DefaultMuleApplication - 
++++++++++++++++++++++++++++++++++++++++++++++++++++++++++++
+ Initializing app 'munitdemo'                             +
++++++++++++++++++++++++++++++++++++++++++++++++++++++++++++
2017-06-12 17:52:41,552 [main] INFO  org.mule.lifecycle.AbstractLifecycleManager - Initialising RegistryBroker
2017-06-12 17:52:41,661 [main] INFO  org.mule.module.extension.internal.manager.DefaultExtensionManager - Starting discovery of extensions
2017-06-12 17:52:41,817 [main] INFO  org.mule.module.extension.internal.manager.DefaultExtensionManager - Discovered 1 extensions
2017-06-12 17:52:41,822 [main] INFO  org.mule.module.extension.internal.manager.DefaultExtensionManager - Registering extension validation (version 3.8)
2017-06-12 17:52:41,902 [main] INFO  org.mule.config.spring.MuleArtifactContext - Refreshing org.mule.config.spring.MuleArtifactContext@6b5176f2: startup date [Mon Jun 12 17:52:41 BST 2017]; root of context hierarchy
2017-06-12 17:52:43,569 [main] INFO  org.mule.config.spring.processors.NoDevkitInjectorProcessor - JSR-330 'javax.inject.Inject' annotation found and supported for autowiring
2017-06-12 17:52:44,506 [main] WARN  org.mule.module.ognl.expression.OgnlExpressionEvaluator - OGNL module is deprecated and will be removed in Mule 4.0. Use MEL expressions instead.
2017-06-12 17:52:45,099 [main] INFO  org.mule.util.journal.TransactionJournal - Using files for tx logs C:\Users\Sa\AnypointStudio\workspace\.mule\.\.mule\munitdemo\queue-tx-log\tx1.log and C:\Users\Sa\AnypointStudio\workspace\.mule\.\.mule\munitdemo\queue-tx-log\tx2.log
2017-06-12 17:52:45,128 [main] INFO  org.mule.util.journal.TransactionJournal - Using files for tx logs C:\Users\Sa\AnypointStudio\workspace\.mule\.\.mule\munitdemo\queue-xa-tx-log\tx1.log and C:\Users\Sa\AnypointStudio\workspace\.mule\.\.mule\munitdemo\queue-xa-tx-log\tx2.log
2017-06-12 17:52:45,248 [main] INFO  org.mule.lifecycle.AbstractLifecycleManager - Initialising model: _muleSystemModel
2017-06-12 17:52:45,248 [main] INFO  org.mule.construct.FlowConstructLifecycleManager - Initialising flow: munit-demoFlow
2017-06-12 17:52:45,248 [main] INFO  org.mule.exception.DefaultMessagingExceptionStrategy - Initialising exception listener: org.mule.exception.DefaultMessagingExceptionStrategy@adcfad9
2017-06-12 17:52:45,280 [main] INFO  org.mule.processor.SedaStageLifecycleManager - Initialising service: munit-demoFlow.stage1
2017-06-12 17:52:45,295 [main] INFO  org.mule.construct.FlowConstructLifecycleManager - Initialising flow: decisionFlow
2017-06-12 17:52:45,295 [main] INFO  org.mule.exception.DefaultMessagingExceptionStrategy - Initialising exception listener: org.mule.exception.DefaultMessagingExceptionStrategy@1bf14704
2017-06-12 17:52:45,295 [main] INFO  org.mule.processor.SedaStageLifecycleManager - Initialising service: decisionFlow.stage1
2017-06-12 17:52:45,915 [main] INFO  org.mule.config.spring.SpringXmlConfigurationBuilder - Configured Mule using "org.mule.config.spring.SpringXmlConfigurationBuilder" with configuration resource(s): "[ConfigResource{resourceName='C:\Users\Sa\AnypointStudio\workspace\.mule\apps\munitdemo\munitdemo.xml'}]"
2017-06-12 17:52:45,915 [main] INFO  org.mule.config.builders.AutoConfigurationBuilder - Configured Mule using "org.mule.config.builders.AutoConfigurationBuilder" with configuration resource(s): "[ConfigResource{resourceName='C:\Users\Sa\AnypointStudio\workspace\.mule\apps\munitdemo\munitdemo.xml'}]"
2017-06-12 17:52:49,083 [main] INFO  org.mule.module.launcher.application.DefaultMuleApplication - 
++++++++++++++++++++++++++++++++++++++++++++++++++++++++++++
+ Starting app 'munitdemo'                                 +
++++++++++++++++++++++++++++++++++++++++++++++++++++++++++++
2017-06-12 17:52:49,085 [main] INFO  org.mule.util.queue.QueueXaResourceManager - Starting ResourceManager
2017-06-12 17:52:49,085 [main] INFO  org.mule.util.queue.QueueXaResourceManager - Started ResourceManager
2017-06-12 17:52:49,148 [main] INFO  org.mule.module.http.internal.listener.DefaultHttpListenerConfig - Listening for requests on http://0.0.0.0:8081
2017-06-12 17:52:49,164 [main] INFO  org.mule.modules.oauth2.provider.agents.DefaultSplashScreenAgent - 
++++++++++++++++++++++++++++++++++++++++++++++++++++++++++++++++++++++++++++++++
+ DevKit Extensions (0) used in this application 
                             +
++++++++++++++++++++++++++++++++++++++++++++++++++++++++++++++++++++++++++++++++
2017-06-12 17:52:49,164 [main] INFO  org.mule.lifecycle.AbstractLifecycleManager - Starting model: _muleSystemModel
2017-06-12 17:52:49,164 [main] INFO  org.mule.construct.FlowConstructLifecycleManager - Starting flow: munit-demoFlow
2017-06-12 17:52:49,164 [main] INFO  org.mule.processor.SedaStageLifecycleManager - Starting service: munit-demoFlow.stage1
2017-06-12 17:52:49,164 [main] INFO  org.mule.construct.FlowConstructLifecycleManager - Starting flow: decisionFlow
2017-06-12 17:52:49,164 [main] INFO  org.mule.processor.SedaStageLifecycleManager - Starting service: decisionFlow.stage1
2017-06-12 17:52:49,242 [main] INFO  org.mule.module.management.agent.WrapperManagerAgent - This JVM hasn't been launched by the wrapper, the agent will not run.
2017-06-12 17:52:49,398 [main] INFO  org.mule.DefaultMuleContext - 
**********************************************************************
* Application: munitdemo                                             *
* OS encoding: \, Mule encoding: UTF-8                               *
*                                                                    *
* Agents Running:                                                    *
*   JMX Agent                                                        *
*   DevKit Extension Information                                     *
*   Batch module default engine                                      *
*   Wrapper Manager                                                  *
**********************************************************************
